<?xml version="1.0" encoding="UTF-8"?>
<!-- Generated by org.testng.reporters.JUnitReportReporter -->
<testsuite hostname="KanishkaPrabhu" failures="0" tests="1" name="github.api.CRUD.Validation" time="1.127" errors="0" timestamp="2024-03-20T22:46:40 EDT" skipped="0">
  <testcase classname="github.api.CRUD.Validation" name="validateGetALLRepos" time="1.127"/>
  <system-out/>
</testsuite> <!-- github.api.CRUD.Validation -->
